<?xml version="1.0" encoding="UTF-8"?>
<!-- Generated by org.testng.reporters.JUnitReportReporter -->
<testsuite hostname="DESKTOP-UK8D3PT" failures="0" tests="1" name="Tpack.Demo_Class" time="40.940" errors="0" timestamp="5 Mar 2023 14:27:23 GMT">
  <testcase classname="Tpack.Demo_Class" name="sampleAutomation" time="40.940"/>
</testsuite> <!-- Tpack.Demo_Class -->
