<?xml version="1.0" encoding="UTF-8"?>
<!-- Generated by org.testng.reporters.JUnitReportReporter -->
<testsuite hostname="DESKTOP-UK8D3PT" failures="0" tests="1" name="opack.ClassSix" time="0.007" errors="0" timestamp="5 Mar 2023 14:32:01 GMT">
  <testcase classname="opack.ClassSix" name="testSix" time="0.007"/>
</testsuite> <!-- opack.ClassSix -->
