<?xml version="1.0" encoding="UTF-8"?>
<!-- Generated by org.testng.reporters.JUnitReportReporter -->
<testsuite hostname="DESKTOP-UK8D3PT" failures="0" tests="1" name="Ppack.LoginTest" time="17.220" errors="0" timestamp="10 Mar 2023 06:46:11 GMT">
  <testcase classname="Ppack.LoginTest" name="LoginTestScript" time="17.220"/>
</testsuite> <!-- Ppack.LoginTest -->
