<?xml version="1.0" encoding="UTF-8"?>
<!-- Generated by org.testng.reporters.JUnitReportReporter -->
<testsuite hostname="DESKTOP-UK8D3PT" failures="0" tests="1" name="opack.ClassFour" time="0.003" errors="0" timestamp="5 Mar 2023 14:32:01 GMT">
  <testcase classname="opack.ClassFour" name="testFour" time="0.003"/>
</testsuite> <!-- opack.ClassFour -->
