<?xml version="1.0" encoding="UTF-8"?>
<!-- Generated by org.testng.reporters.JUnitReportReporter -->
<testsuite hostname="DESKTOP-UK8D3PT" name="M_Pack.One_Test" tests="1" failures="0" timestamp="7 Mar 2023 06:31:03 GMT" time="18.775" errors="0">
  <testcase name="Demo" time="18.775" classname="M_Pack.One_Test"/>
</testsuite> <!-- M_Pack.One_Test -->
